# JRE version: Java(TM) SE Runtime Environment (8.0_162-b12) (build 1.8.0_162-b12)
# Java VM: Java HotSpot(TM) 64-Bit Server VM (25.162-b12 mixed mode windows-amd64 compressed oops)
Heap:
 PSYoungGen      total 37888K, used 11104K [0x00000000d6980000, 0x00000000db380000, 0x0000000100000000)
  eden space 32768K, 18% used [0x00000000d6980000,0x00000000d6f5f2c8,0x00000000d8980000)
  from space 5120K, 99% used [0x00000000d8e80000,0x00000000d9379028,0x00000000d9380000)
  to   space 5120K, 0% used [0x00000000d8980000,0x00000000d8980000,0x00000000d8e80000)
 ParOldGen       total 86016K, used 5663K [0x0000000083c00000, 0x0000000089000000, 0x00000000d6980000)
  object space 86016K, 6% used [0x0000000083c00000,0x0000000084187d98,0x0000000089000000)
 Metaspace       used 14922K, capacity 15162K, committed 15360K, reserved 1062912K
  class space    used 1618K, capacity 1721K, committed 1792K, reserved 1048576K
GC Heap History (4 events):
Event: 1.204 GC heap before
{Heap before GC invocations=1 (full 0):
 PSYoungGen      total 37888K, used 32768K [0x00000000d6980000, 0x00000000d9380000, 0x0000000100000000)
  eden space 32768K, 100% used [0x00000000d6980000,0x00000000d8980000,0x00000000d8980000)
  from space 5120K, 0% used [0x00000000d8e80000,0x00000000d8e80000,0x00000000d9380000)
  to   space 5120K, 0% used [0x00000000d8980000,0x00000000d8980000,0x00000000d8e80000)
 ParOldGen       total 86016K, used 0K [0x0000000083c00000, 0x0000000089000000, 0x00000000d6980000)
  object space 86016K, 0% used [0x0000000083c00000,0x0000000083c00000,0x0000000089000000)
 Metaspace       used 10268K, capacity 10378K, committed 10624K, reserved 1058816K
  class space    used 1093K, capacity 1137K, committed 1152K, reserved 1048576K
Event: 1.210 GC heap after
Heap after GC invocations=1 (full 0):
 PSYoungGen      total 37888K, used 5108K [0x00000000d6980000, 0x00000000d9380000, 0x0000000100000000)
  eden space 32768K, 0% used [0x00000000d6980000,0x00000000d6980000,0x00000000d8980000)
  from space 5120K, 99% used [0x00000000d8980000,0x00000000d8e7d198,0x00000000d8e80000)
  to   space 5120K, 0% used [0x00000000d8e80000,0x00000000d8e80000,0x00000000d9380000)
 ParOldGen       total 86016K, used 674K [0x0000000083c00000, 0x0000000089000000, 0x00000000d6980000)
  object space 86016K, 0% used [0x0000000083c00000,0x0000000083ca89c0,0x0000000089000000)
 Metaspace       used 10268K, capacity 10378K, committed 10624K, reserved 1058816K
  class space    used 1093K, capacity 1137K, committed 1152K, reserved 1048576K
}
Event: 1.822 GC heap before
{Heap before GC invocations=2 (full 0):
 PSYoungGen      total 37888K, used 37876K [0x00000000d6980000, 0x00000000d9380000, 0x0000000100000000)
  eden space 32768K, 100% used [0x00000000d6980000,0x00000000d8980000,0x00000000d8980000)
  from space 5120K, 99% used [0x00000000d8980000,0x00000000d8e7d198,0x00000000d8e80000)
  to   space 5120K, 0% used [0x00000000d8e80000,0x00000000d8e80000,0x00000000d9380000)
 ParOldGen       total 86016K, used 674K [0x0000000083c00000, 0x0000000089000000, 0x00000000d6980000)
  object space 86016K, 0% used [0x0000000083c00000,0x0000000083ca89c0,0x0000000089000000)
 Metaspace       used 13062K, capacity 13202K, committed 13568K, reserved 1060864K
  class space    used 1422K, capacity 1469K, committed 1536K, reserved 1048576K
Event: 1.833 GC heap after
Heap after GC invocations=2 (full 0):
 PSYoungGen      total 37888K, used 5092K [0x00000000d6980000, 0x00000000db380000, 0x0000000100000000)
  eden space 32768K, 0% used [0x00000000d6980000,0x00000000d6980000,0x00000000d8980000)
  from space 5120K, 99% used [0x00000000d8e80000,0x00000000d9379028,0x00000000d9380000)
  to   space 5120K, 0% used [0x00000000d8980000,0x00000000d8980000,0x00000000d8e80000)
 ParOldGen       total 86016K, used 5663K [0x0000000083c00000, 0x0000000089000000, 0x00000000d6980000)
  object space 86016K, 6% used [0x0000000083c00000,0x0000000084187d98,0x0000000089000000)
 Metaspace       used 13062K, capacity 13202K, committed 13568K, reserved 1060864K
  class space    used 1422K, capacity 1469K, committed 1536K, reserved 1048576K
}

